

============================== 2021-12-22 01:57:54.866777 | c49a942c-eb53-4432-b3ad-0666e8d7ba89 ==============================
01:57:54.866777 [info ] [MainThread]: Running with dbt=1.0.0
01:57:54.867296 [debug] [MainThread]: running dbt with arguments Namespace(record_timing_info=None, debug=None, log_format=None, write_json=None, use_colors=None, printer_width=None, warn_error=None, version_check=None, partial_parse=None, single_threaded=False, use_experimental_parser=None, static_parser=None, profiles_dir='/home/ealvarez/.dbt', send_anonymous_usage_stats=None, fail_fast=None, event_buffer_size=None, project_dir=None, profile=None, target=None, vars='{}', log_cache_events=False, project_name=None, skip_profile_setup=False, defer=None, state=None, cls=<class 'dbt.task.init.InitTask'>, which='init', rpc_method=None)
01:57:54.867659 [debug] [MainThread]: Tracking: tracking
01:57:54.869119 [debug] [MainThread]: Sending event: {'category': 'dbt', 'action': 'invocation', 'label': 'start', 'context': [<snowplow_tracker.self_describing_json.SelfDescribingJson object at 0x7f394c65bcd0>, <snowplow_tracker.self_describing_json.SelfDescribingJson object at 0x7f394c65bb50>, <snowplow_tracker.self_describing_json.SelfDescribingJson object at 0x7f394c65bc40>]}
01:57:54.869773 [info ] [MainThread]: Creating dbt configuration folder at /home/ealvarez/.dbt
01:58:07.921890 [debug] [MainThread]: Starter project path: /home/ealvarez/anaconda3/envs/dbt/lib/python3.10/site-packages/dbt/include/starter_project
02:07:03.292278 [info ] [MainThread]: Profile stackoverflow-posts written to /home/ealvarez/.dbt/profiles.yml using target's profile_template.yml and your supplied values. Run 'dbt debug' to validate the connection.
02:07:03.293695 [info ] [MainThread]: 
Your new dbt project "stackoverflow-posts" was created!

For more information on how to configure the profiles.yml file,
please consult the dbt documentation here:

  https://docs.getdbt.com/docs/configure-your-profile

One more thing:

Need help? Don't hesitate to reach out to us via GitHub issues or on Slack:

  https://community.getdbt.com/

Happy modeling!

02:07:03.294418 [debug] [MainThread]: Sending event: {'category': 'dbt', 'action': 'invocation', 'label': 'end', 'context': [<snowplow_tracker.self_describing_json.SelfDescribingJson object at 0x7f394dc0ea10>, <snowplow_tracker.self_describing_json.SelfDescribingJson object at 0x7f394dc0d5a0>, <snowplow_tracker.self_describing_json.SelfDescribingJson object at 0x7f394dc0eaa0>]}


============================== 2021-12-22 02:07:54.892732 | 8e958063-12ec-4a42-8e1f-7fd717b897d0 ==============================
02:07:54.892732 [info ] [MainThread]: Running with dbt=1.0.0
02:07:54.893289 [debug] [MainThread]: running dbt with arguments Namespace(record_timing_info=None, debug=None, log_format=None, write_json=None, use_colors=None, printer_width=None, warn_error=None, version_check=None, partial_parse=None, single_threaded=False, use_experimental_parser=None, static_parser=None, profiles_dir='/home/ealvarez/.dbt', send_anonymous_usage_stats=None, fail_fast=None, event_buffer_size=None, project_dir=None, profile=None, target=None, vars='{}', log_cache_events=False, config_dir=False, defer=None, state=None, cls=<class 'dbt.task.debug.DebugTask'>, which='debug', rpc_method=None)
02:07:54.893663 [debug] [MainThread]: Tracking: tracking
02:07:54.895151 [debug] [MainThread]: Sending event: {'category': 'dbt', 'action': 'invocation', 'label': 'start', 'context': [<snowplow_tracker.self_describing_json.SelfDescribingJson object at 0x7f9e6cee8dc0>, <snowplow_tracker.self_describing_json.SelfDescribingJson object at 0x7f9e6cee9030>, <snowplow_tracker.self_describing_json.SelfDescribingJson object at 0x7f9e6cee8fd0>]}
02:07:55.147017 [debug] [MainThread]: Executing "git --help"
02:07:55.149884 [debug] [MainThread]: STDOUT: "b"usage: git [--version] [--help] [-C <path>] [-c <name>=<value>]\n           [--exec-path[=<path>]] [--html-path] [--man-path] [--info-path]\n           [-p | --paginate | -P | --no-pager] [--no-replace-objects] [--bare]\n           [--git-dir=<path>] [--work-tree=<path>] [--namespace=<name>]\n           <command> [<args>]\n\nThese are common Git commands used in various situations:\n\nstart a working area (see also: git help tutorial)\n   clone             Clone a repository into a new directory\n   init              Create an empty Git repository or reinitialize an existing one\n\nwork on the current change (see also: git help everyday)\n   add               Add file contents to the index\n   mv                Move or rename a file, a directory, or a symlink\n   restore           Restore working tree files\n   rm                Remove files from the working tree and from the index\n   sparse-checkout   Initialize and modify the sparse-checkout\n\nexamine the history and state (see also: git help revisions)\n   bisect            Use binary search to find the commit that introduced a bug\n   diff              Show changes between commits, commit and working tree, etc\n   grep              Print lines matching a pattern\n   log               Show commit logs\n   show              Show various types of objects\n   status            Show the working tree status\n\ngrow, mark and tweak your common history\n   branch            List, create, or delete branches\n   commit            Record changes to the repository\n   merge             Join two or more development histories together\n   rebase            Reapply commits on top of another base tip\n   reset             Reset current HEAD to the specified state\n   switch            Switch branches\n   tag               Create, list, delete or verify a tag object signed with GPG\n\ncollaborate (see also: git help workflows)\n   fetch             Download objects and refs from another repository\n   pull              Fetch from and integrate with another repository or a local branch\n   push              Update remote refs along with associated objects\n\n'git help -a' and 'git help -g' list available subcommands and some\nconcept guides. See 'git help <command>' or 'git help <concept>'\nto read about a specific subcommand or concept.\nSee 'git help git' for an overview of the system.\n""
02:07:55.150547 [debug] [MainThread]: STDERR: "b''"
02:07:55.155312 [debug] [MainThread]: Acquiring new bigquery connection "debug"
02:07:55.155834 [debug] [MainThread]: Opening a new connection, currently in state init
02:07:55.156691 [debug] [MainThread]: BigQuery adapter: Got an error when attempting to create a bigquery client: '[Errno 2] No such file or directory: '~/dbt-stackoverflow-335901-key.json''
02:07:55.158463 [debug] [MainThread]: Sending event: {'category': 'dbt', 'action': 'invocation', 'label': 'end', 'context': [<snowplow_tracker.self_describing_json.SelfDescribingJson object at 0x7f9e6d08b970>, <snowplow_tracker.self_describing_json.SelfDescribingJson object at 0x7f9e6cf0c280>, <snowplow_tracker.self_describing_json.SelfDescribingJson object at 0x7f9e6e4d0610>]}
02:07:55.612296 [debug] [MainThread]: Connection 'debug' was properly closed.


============================== 2021-12-22 02:19:31.319569 | 5ce08460-50f1-4920-a146-f3e9ad7deb95 ==============================
02:19:31.319569 [info ] [MainThread]: Running with dbt=1.0.0
02:19:31.320185 [debug] [MainThread]: running dbt with arguments Namespace(record_timing_info=None, debug=None, log_format=None, write_json=None, use_colors=None, printer_width=None, warn_error=None, version_check=None, partial_parse=None, single_threaded=False, use_experimental_parser=None, static_parser=None, profiles_dir='/home/ealvarez/.dbt', send_anonymous_usage_stats=None, fail_fast=None, event_buffer_size=None, project_dir=None, profile=None, target=None, vars='{}', log_cache_events=False, config_dir=False, defer=None, state=None, cls=<class 'dbt.task.debug.DebugTask'>, which='debug', rpc_method=None)
02:19:31.320510 [debug] [MainThread]: Tracking: tracking
02:19:31.322158 [debug] [MainThread]: Sending event: {'category': 'dbt', 'action': 'invocation', 'label': 'start', 'context': [<snowplow_tracker.self_describing_json.SelfDescribingJson object at 0x7f5f44df8fd0>, <snowplow_tracker.self_describing_json.SelfDescribingJson object at 0x7f5f44df90f0>, <snowplow_tracker.self_describing_json.SelfDescribingJson object at 0x7f5f44df9090>]}
02:19:31.571130 [debug] [MainThread]: Executing "git --help"
02:19:31.573119 [debug] [MainThread]: STDOUT: "b"usage: git [--version] [--help] [-C <path>] [-c <name>=<value>]\n           [--exec-path[=<path>]] [--html-path] [--man-path] [--info-path]\n           [-p | --paginate | -P | --no-pager] [--no-replace-objects] [--bare]\n           [--git-dir=<path>] [--work-tree=<path>] [--namespace=<name>]\n           <command> [<args>]\n\nThese are common Git commands used in various situations:\n\nstart a working area (see also: git help tutorial)\n   clone             Clone a repository into a new directory\n   init              Create an empty Git repository or reinitialize an existing one\n\nwork on the current change (see also: git help everyday)\n   add               Add file contents to the index\n   mv                Move or rename a file, a directory, or a symlink\n   restore           Restore working tree files\n   rm                Remove files from the working tree and from the index\n   sparse-checkout   Initialize and modify the sparse-checkout\n\nexamine the history and state (see also: git help revisions)\n   bisect            Use binary search to find the commit that introduced a bug\n   diff              Show changes between commits, commit and working tree, etc\n   grep              Print lines matching a pattern\n   log               Show commit logs\n   show              Show various types of objects\n   status            Show the working tree status\n\ngrow, mark and tweak your common history\n   branch            List, create, or delete branches\n   commit            Record changes to the repository\n   merge             Join two or more development histories together\n   rebase            Reapply commits on top of another base tip\n   reset             Reset current HEAD to the specified state\n   switch            Switch branches\n   tag               Create, list, delete or verify a tag object signed with GPG\n\ncollaborate (see also: git help workflows)\n   fetch             Download objects and refs from another repository\n   pull              Fetch from and integrate with another repository or a local branch\n   push              Update remote refs along with associated objects\n\n'git help -a' and 'git help -g' list available subcommands and some\nconcept guides. See 'git help <command>' or 'git help <concept>'\nto read about a specific subcommand or concept.\nSee 'git help git' for an overview of the system.\n""
02:19:31.573658 [debug] [MainThread]: STDERR: "b''"
02:19:31.576323 [debug] [MainThread]: Acquiring new bigquery connection "debug"
02:19:31.576874 [debug] [MainThread]: Opening a new connection, currently in state init
02:19:31.579198 [debug] [MainThread]: On debug: select 1 as id
02:19:33.350869 [debug] [MainThread]: Sending event: {'category': 'dbt', 'action': 'invocation', 'label': 'end', 'context': [<snowplow_tracker.self_describing_json.SelfDescribingJson object at 0x7f5f463d1b10>, <snowplow_tracker.self_describing_json.SelfDescribingJson object at 0x7f5f463d3bb0>, <snowplow_tracker.self_describing_json.SelfDescribingJson object at 0x7f5f463d33a0>]}
02:19:33.876848 [debug] [MainThread]: Connection 'debug' was properly closed.


============================== 2021-12-25 13:28:37.018411 | 303c2b5d-b207-49a7-bdb2-ddabe95a64a0 ==============================
13:28:37.018411 [info ] [MainThread]: Running with dbt=1.0.0
13:28:37.019620 [debug] [MainThread]: running dbt with arguments Namespace(cls=<class 'dbt.task.debug.DebugTask'>, config_dir=False, debug=None, defer=None, event_buffer_size=None, fail_fast=None, log_cache_events=False, log_format=None, partial_parse=None, printer_width=None, profile=None, profiles_dir='/home/ealvarez/.dbt', project_dir=None, record_timing_info=None, rpc_method=None, send_anonymous_usage_stats=None, single_threaded=False, state=None, static_parser=None, target=None, use_colors=None, use_experimental_parser=None, vars='{}', version_check=None, warn_error=None, which='debug', write_json=None)
13:28:37.020004 [debug] [MainThread]: Tracking: tracking
13:28:37.098446 [debug] [MainThread]: Sending event: {'category': 'dbt', 'action': 'invocation', 'label': 'start', 'context': [<snowplow_tracker.self_describing_json.SelfDescribingJson object at 0x7fc4d69a19a0>, <snowplow_tracker.self_describing_json.SelfDescribingJson object at 0x7fc4d69a1670>, <snowplow_tracker.self_describing_json.SelfDescribingJson object at 0x7fc4d69a1700>]}
13:28:37.642524 [debug] [MainThread]: Executing "git --help"
13:28:37.648012 [debug] [MainThread]: STDOUT: "b"usage: git [--version] [--help] [-C <path>] [-c <name>=<value>]\n           [--exec-path[=<path>]] [--html-path] [--man-path] [--info-path]\n           [-p | --paginate | -P | --no-pager] [--no-replace-objects] [--bare]\n           [--git-dir=<path>] [--work-tree=<path>] [--namespace=<name>]\n           <command> [<args>]\n\nThese are common Git commands used in various situations:\n\nstart a working area (see also: git help tutorial)\n   clone             Clone a repository into a new directory\n   init              Create an empty Git repository or reinitialize an existing one\n\nwork on the current change (see also: git help everyday)\n   add               Add file contents to the index\n   mv                Move or rename a file, a directory, or a symlink\n   restore           Restore working tree files\n   rm                Remove files from the working tree and from the index\n   sparse-checkout   Initialize and modify the sparse-checkout\n\nexamine the history and state (see also: git help revisions)\n   bisect            Use binary search to find the commit that introduced a bug\n   diff              Show changes between commits, commit and working tree, etc\n   grep              Print lines matching a pattern\n   log               Show commit logs\n   show              Show various types of objects\n   status            Show the working tree status\n\ngrow, mark and tweak your common history\n   branch            List, create, or delete branches\n   commit            Record changes to the repository\n   merge             Join two or more development histories together\n   rebase            Reapply commits on top of another base tip\n   reset             Reset current HEAD to the specified state\n   switch            Switch branches\n   tag               Create, list, delete or verify a tag object signed with GPG\n\ncollaborate (see also: git help workflows)\n   fetch             Download objects and refs from another repository\n   pull              Fetch from and integrate with another repository or a local branch\n   push              Update remote refs along with associated objects\n\n'git help -a' and 'git help -g' list available subcommands and some\nconcept guides. See 'git help <command>' or 'git help <concept>'\nto read about a specific subcommand or concept.\nSee 'git help git' for an overview of the system.\n""
13:28:37.648801 [debug] [MainThread]: STDERR: "b''"
13:28:37.657219 [debug] [MainThread]: Acquiring new bigquery connection "debug"
13:28:37.658825 [debug] [MainThread]: Opening a new connection, currently in state init
13:28:37.663769 [debug] [MainThread]: On debug: select 1 as id
13:28:40.446965 [debug] [MainThread]: Sending event: {'category': 'dbt', 'action': 'invocation', 'label': 'end', 'context': [<snowplow_tracker.self_describing_json.SelfDescribingJson object at 0x7fc4d555ea00>, <snowplow_tracker.self_describing_json.SelfDescribingJson object at 0x7fc4d54cb190>, <snowplow_tracker.self_describing_json.SelfDescribingJson object at 0x7fc4d54cb130>]}
13:28:42.071626 [debug] [MainThread]: Connection 'debug' was properly closed.
